This is pdfTeX, Version 3.14159265-2.6-1.40.15 (TeX Live 2014) (preloaded format=pdflatex 2014.5.25)  19 DEC 2014 22:15
entering extended mode
 restricted \write18 enabled.
 file:line:error style messages enabled.
 %&-line parsing enabled.
**Hwk8.tex
(./Hwk8.tex
LaTeX2e <2014/05/01>
Babel <3.9k> and hyphenation patterns for 78 languages loaded.
(/usr/local/texlive/2014/texmf-dist/tex/latex/base/article.cls
Document Class: article 2007/10/19 v1.4h Standard LaTeX document class
(/usr/local/texlive/2014/texmf-dist/tex/latex/base/size11.clo
File: size11.clo 2007/10/19 v1.4h Standard LaTeX file (size option)
)
\c@part=\count79
\c@section=\count80
\c@subsection=\count81
\c@subsubsection=\count82
\c@paragraph=\count83
\c@subparagraph=\count84
\c@figure=\count85
\c@table=\count86
\abovecaptionskip=\skip41
\belowcaptionskip=\skip42
\bibindent=\dimen102
)
(/usr/local/texlive/2014/texmf-dist/tex/latex/geometry/geometry.sty
Package: geometry 2010/09/12 v5.6 Page Geometry

(/usr/local/texlive/2014/texmf-dist/tex/latex/graphics/keyval.sty
Package: keyval 2014/05/08 v1.15 key=value parser (DPC)
\KV@toks@=\toks14
)
(/usr/local/texlive/2014/texmf-dist/tex/generic/oberdiek/ifpdf.sty
Package: ifpdf 2011/01/30 v2.3 Provides the ifpdf switch (HO)
Package ifpdf Info: pdfTeX in PDF mode is detected.
)
(/usr/local/texlive/2014/texmf-dist/tex/generic/oberdiek/ifvtex.sty
Package: ifvtex 2010/03/01 v1.5 Detect VTeX and its facilities (HO)
Package ifvtex Info: VTeX not detected.
)
(/usr/local/texlive/2014/texmf-dist/tex/generic/ifxetex/ifxetex.sty
Package: ifxetex 2010/09/12 v0.6 Provides ifxetex conditional
)
\Gm@cnth=\count87
\Gm@cntv=\count88
\c@Gm@tempcnt=\count89
\Gm@bindingoffset=\dimen103
\Gm@wd@mp=\dimen104
\Gm@odd@mp=\dimen105
\Gm@even@mp=\dimen106
\Gm@layoutwidth=\dimen107
\Gm@layoutheight=\dimen108
\Gm@layouthoffset=\dimen109
\Gm@layoutvoffset=\dimen110
\Gm@dimlist=\toks15
)
(/usr/local/texlive/2014/texmf-dist/tex/latex/graphics/graphicx.sty
Package: graphicx 2014/04/25 v1.0g Enhanced LaTeX Graphics (DPC,SPQR)

(/usr/local/texlive/2014/texmf-dist/tex/latex/graphics/graphics.sty
Package: graphics 2009/02/05 v1.0o Standard LaTeX Graphics (DPC,SPQR)

(/usr/local/texlive/2014/texmf-dist/tex/latex/graphics/trig.sty
Package: trig 1999/03/16 v1.09 sin cos tan (DPC)
)
(/usr/local/texlive/2014/texmf-dist/tex/latex/latexconfig/graphics.cfg
File: graphics.cfg 2010/04/23 v1.9 graphics configuration of TeX Live
)
Package graphics Info: Driver file: pdftex.def on input line 91.

(/usr/local/texlive/2014/texmf-dist/tex/latex/pdftex-def/pdftex.def
File: pdftex.def 2011/05/27 v0.06d Graphics/color for pdfTeX

(/usr/local/texlive/2014/texmf-dist/tex/generic/oberdiek/infwarerr.sty
Package: infwarerr 2010/04/08 v1.3 Providing info/warning/error messages (HO)
)
(/usr/local/texlive/2014/texmf-dist/tex/generic/oberdiek/ltxcmds.sty
Package: ltxcmds 2011/11/09 v1.22 LaTeX kernel commands for general use (HO)
)
\Gread@gobject=\count90
))
\Gin@req@height=\dimen111
\Gin@req@width=\dimen112
)
(/usr/local/texlive/2014/texmf-dist/tex/latex/amsfonts/amssymb.sty
Package: amssymb 2013/01/14 v3.01 AMS font symbols

(/usr/local/texlive/2014/texmf-dist/tex/latex/amsfonts/amsfonts.sty
Package: amsfonts 2013/01/14 v3.01 Basic AMSFonts support
\@emptytoks=\toks16
\symAMSa=\mathgroup4
\symAMSb=\mathgroup5
LaTeX Font Info:    Overwriting math alphabet `\mathfrak' in version `bold'
(Font)                  U/euf/m/n --> U/euf/b/n on input line 106.
))
(/usr/local/texlive/2014/texmf-dist/tex/latex/amsmath/amsmath.sty
Package: amsmath 2013/01/14 v2.14 AMS math features
\@mathmargin=\skip43

For additional information on amsmath, use the `?' option.
(/usr/local/texlive/2014/texmf-dist/tex/latex/amsmath/amstext.sty
Package: amstext 2000/06/29 v2.01

(/usr/local/texlive/2014/texmf-dist/tex/latex/amsmath/amsgen.sty
File: amsgen.sty 1999/11/30 v2.0
\@emptytoks=\toks17
\ex@=\dimen113
))
(/usr/local/texlive/2014/texmf-dist/tex/latex/amsmath/amsbsy.sty
Package: amsbsy 1999/11/29 v1.2d
\pmbraise@=\dimen114
)
(/usr/local/texlive/2014/texmf-dist/tex/latex/amsmath/amsopn.sty
Package: amsopn 1999/12/14 v2.01 operator names
)
\inf@bad=\count91
LaTeX Info: Redefining \frac on input line 210.
\uproot@=\count92
\leftroot@=\count93
LaTeX Info: Redefining \overline on input line 306.
\classnum@=\count94
\DOTSCASE@=\count95
LaTeX Info: Redefining \ldots on input line 378.
LaTeX Info: Redefining \dots on input line 381.
LaTeX Info: Redefining \cdots on input line 466.
\Mathstrutbox@=\box26
\strutbox@=\box27
\big@size=\dimen115
LaTeX Font Info:    Redeclaring font encoding OML on input line 566.
LaTeX Font Info:    Redeclaring font encoding OMS on input line 567.
\macc@depth=\count96
\c@MaxMatrixCols=\count97
\dotsspace@=\muskip10
\c@parentequation=\count98
\dspbrk@lvl=\count99
\tag@help=\toks18
\row@=\count100
\column@=\count101
\maxfields@=\count102
\andhelp@=\toks19
\eqnshift@=\dimen116
\alignsep@=\dimen117
\tagshift@=\dimen118
\tagwidth@=\dimen119
\totwidth@=\dimen120
\lineht@=\dimen121
\@envbody=\toks20
\multlinegap=\skip44
\multlinetaggap=\skip45
\mathdisplay@stack=\toks21
LaTeX Info: Redefining \[ on input line 2665.
LaTeX Info: Redefining \] on input line 2666.
) (./Hwk8.aux)
\openout1 = `Hwk8.aux'.

LaTeX Font Info:    Checking defaults for OML/cmm/m/it on input line 15.
LaTeX Font Info:    ... okay on input line 15.
LaTeX Font Info:    Checking defaults for T1/cmr/m/n on input line 15.
LaTeX Font Info:    ... okay on input line 15.
LaTeX Font Info:    Checking defaults for OT1/cmr/m/n on input line 15.
LaTeX Font Info:    ... okay on input line 15.
LaTeX Font Info:    Checking defaults for OMS/cmsy/m/n on input line 15.
LaTeX Font Info:    ... okay on input line 15.
LaTeX Font Info:    Checking defaults for OMX/cmex/m/n on input line 15.
LaTeX Font Info:    ... okay on input line 15.
LaTeX Font Info:    Checking defaults for U/cmr/m/n on input line 15.
LaTeX Font Info:    ... okay on input line 15.
*geometry* driver: auto-detecting
*geometry* detected driver: pdftex
*geometry* verbose mode - [ preamble ] result:
* driver: pdftex
* paper: letterpaper
* layout: <same size as paper>
* layoutoffset:(h,v)=(0.0pt,0.0pt)
* modes: 
* h-part:(L,W,R)=(92.14519pt, 430.00462pt, 92.14519pt)
* v-part:(T,H,B)=(95.39737pt, 556.47656pt, 143.09605pt)
* \paperwidth=614.295pt
* \paperheight=794.96999pt
* \textwidth=430.00462pt
* \textheight=556.47656pt
* \oddsidemargin=19.8752pt
* \evensidemargin=19.8752pt
* \topmargin=-13.87262pt
* \headheight=12.0pt
* \headsep=25.0pt
* \topskip=11.0pt
* \footskip=30.0pt
* \marginparwidth=59.0pt
* \marginparsep=10.0pt
* \columnsep=10.0pt
* \skip\footins=10.0pt plus 4.0pt minus 2.0pt
* \hoffset=0.0pt
* \voffset=0.0pt
* \mag=1000
* \@twocolumnfalse
* \@twosidefalse
* \@mparswitchfalse
* \@reversemarginfalse
* (1in=72.27pt=25.4mm, 1cm=28.453pt)

(/usr/local/texlive/2014/texmf-dist/tex/context/base/supp-pdf.mkii
[Loading MPS to PDF converter (version 2006.09.02).]
\scratchcounter=\count103
\scratchdimen=\dimen122
\scratchbox=\box28
\nofMPsegments=\count104
\nofMParguments=\count105
\everyMPshowfont=\toks22
\MPscratchCnt=\count106
\MPscratchDim=\dimen123
\MPnumerator=\count107
\makeMPintoPDFobject=\count108
\everyMPtoPDFconversion=\toks23
) (/usr/local/texlive/2014/texmf-dist/tex/generic/oberdiek/pdftexcmds.sty
Package: pdftexcmds 2011/11/29 v0.20 Utility functions of pdfTeX for LuaTeX (HO
)

(/usr/local/texlive/2014/texmf-dist/tex/generic/oberdiek/ifluatex.sty
Package: ifluatex 2010/03/01 v1.3 Provides the ifluatex switch (HO)
Package ifluatex Info: LuaTeX not detected.
)
Package pdftexcmds Info: LuaTeX not detected.
Package pdftexcmds Info: \pdf@primitive is available.
Package pdftexcmds Info: \pdf@ifprimitive is available.
Package pdftexcmds Info: \pdfdraftmode found.
)
(/usr/local/texlive/2014/texmf-dist/tex/latex/oberdiek/epstopdf-base.sty
Package: epstopdf-base 2010/02/09 v2.5 Base part for package epstopdf

(/usr/local/texlive/2014/texmf-dist/tex/latex/oberdiek/grfext.sty
Package: grfext 2010/08/19 v1.1 Manage graphics extensions (HO)

(/usr/local/texlive/2014/texmf-dist/tex/generic/oberdiek/kvdefinekeys.sty
Package: kvdefinekeys 2011/04/07 v1.3 Define keys (HO)
))
(/usr/local/texlive/2014/texmf-dist/tex/latex/oberdiek/kvoptions.sty
Package: kvoptions 2011/06/30 v3.11 Key value format for package options (HO)

(/usr/local/texlive/2014/texmf-dist/tex/generic/oberdiek/kvsetkeys.sty
Package: kvsetkeys 2012/04/25 v1.16 Key value parser (HO)

(/usr/local/texlive/2014/texmf-dist/tex/generic/oberdiek/etexcmds.sty
Package: etexcmds 2011/02/16 v1.5 Avoid name clashes with e-TeX commands (HO)
Package etexcmds Info: Could not find \expanded.
(etexcmds)             That can mean that you are not using pdfTeX 1.50 or
(etexcmds)             that some package has redefined \expanded.
(etexcmds)             In the latter case, load this package earlier.
)))
Package grfext Info: Graphics extension search list:
(grfext)             [.png,.pdf,.jpg,.mps,.jpeg,.jbig2,.jb2,.PNG,.PDF,.JPG,.JPE
G,.JBIG2,.JB2,.eps]
(grfext)             \AppendGraphicsExtensions on input line 452.

(/usr/local/texlive/2014/texmf-dist/tex/latex/latexconfig/epstopdf-sys.cfg
File: epstopdf-sys.cfg 2010/07/13 v1.3 Configuration of (r)epstopdf for TeX Liv
e
))
LaTeX Font Info:    Try loading font information for U+msa on input line 16.

(/usr/local/texlive/2014/texmf-dist/tex/latex/amsfonts/umsa.fd
File: umsa.fd 2013/01/14 v3.01 AMS symbols A
)
LaTeX Font Info:    Try loading font information for U+msb on input line 16.

(/usr/local/texlive/2014/texmf-dist/tex/latex/amsfonts/umsb.fd
File: umsb.fd 2013/01/14 v3.01 AMS symbols B
)
Underfull \hbox (badness 10000) in paragraph at lines 22--23

 []

<Grid_h1.png, id=1, 563.10374pt x 499.8675pt>
File: Grid_h1.png Graphic file (type png)
 <use Grid_h1.png>
Package pdftex.def Info: Grid_h1.png used on input line 24.
(pdftex.def)             Requested size: 309.70801pt x 274.92796pt.

<Grid_h2.png, id=3, 563.10374pt x 500.87125pt>
File: Grid_h2.png Graphic file (type png)
 <use Grid_h2.png>
Package pdftex.def Info: Grid_h2.png used on input line 28.
(pdftex.def)             Requested size: 309.70801pt x 275.48003pt.
 [1

{/usr/local/texlive/2014/texmf-var/fonts/map/pdftex/updmap/pdftex.map} <./Grid_
h1.png>]
<Grid_h3.png, id=15, 561.09625pt x 499.8675pt>
File: Grid_h3.png Graphic file (type png)
 <use Grid_h3.png>
Package pdftex.def Info: Grid_h3.png used on input line 32.
(pdftex.def)             Requested size: 308.60388pt x 274.92796pt.
 [2 <./Grid_h2.png>] <Grid_h4.png, id=20, 564.1075pt x 501.875pt>
File: Grid_h4.png Graphic file (type png)
 <use Grid_h4.png>
Package pdftex.def Info: Grid_h4.png used on input line 36.
(pdftex.def)             Requested size: 310.26007pt x 276.03209pt.
 [3 <./Grid_h3.png>] <Grid_h5.png, id=25, 563.10374pt x 502.87875pt>
File: Grid_h5.png Graphic file (type png)
 <use Grid_h5.png>
Package pdftex.def Info: Grid_h5.png used on input line 40.
(pdftex.def)             Requested size: 309.70801pt x 276.58417pt.

[4 <./Grid_h4.png>]
Underfull \hbox (badness 10000) in paragraph at lines 46--47

 []

<Backslash_h1.png, id=30, 563.10374pt x 501.875pt>
File: Backslash_h1.png Graphic file (type png)
 <use Backslash_h1.png>
Package pdftex.def Info: Backslash_h1.png used on input line 48.
(pdftex.def)             Requested size: 309.70801pt x 276.03209pt.

[5 <./Grid_h5.png>] <Backslash_h2.png, id=35, 565.11125pt x 500.87125pt>
File: Backslash_h2.png Graphic file (type png)

<use Backslash_h2.png>
Package pdftex.def Info: Backslash_h2.png used on input line 52.
(pdftex.def)             Requested size: 310.81215pt x 275.48003pt.
 [6 <./Backslash_h1.png>]
<Backslash_h3.png, id=40, 564.1075pt x 501.875pt>
File: Backslash_h3.png Graphic file (type png)
 <use Backslash_h3.png>
Package pdftex.def Info: Backslash_h3.png used on input line 56.
(pdftex.def)             Requested size: 310.26007pt x 276.03209pt.

[7 <./Backslash_h2.png>] <Backslash_h4.png, id=46, 564.1075pt x 500.87125pt>
File: Backslash_h4.png Graphic file (type png)

<use Backslash_h4.png>
Package pdftex.def Info: Backslash_h4.png used on input line 60.
(pdftex.def)             Requested size: 310.26007pt x 275.48003pt.
 [8 <./Backslash_h3.png>]
<Backslash_h5.png, id=51, 564.1075pt x 500.87125pt>
File: Backslash_h5.png Graphic file (type png)
 <use Backslash_h5.png>
Package pdftex.def Info: Backslash_h5.png used on input line 64.
(pdftex.def)             Requested size: 310.26007pt x 275.48003pt.

[9 <./Backslash_h4.png>]
Underfull \hbox (badness 10000) in paragraph at lines 70--71

 []

<TimeComparisons.png, id=56, 366.36874pt x 350.30875pt>
File: TimeComparisons.png Graphic file (type png)

<use TimeComparisons.png>
Package pdftex.def Info: TimeComparisons.png used on input line 72.
(pdftex.def)             Requested size: 256.45636pt x 245.21445pt.
 [10 <./Backslash_h5.png>]
Underfull \hbox (badness 10000) in paragraph at lines 76--77

 []

<FDM_fivePoint.png, id=61, 564.1075pt x 499.8675pt>
File: FDM_fivePoint.png Graphic file (type png)
 <use FDM_fivePoint.png>
Package pdftex.def Info: FDM_fivePoint.png used on input line 78.
(pdftex.def)             Requested size: 310.26007pt x 274.92796pt.

[11 <./TimeComparisons.png>]
<FDM_ninePoint.png, id=66, 563.10374pt x 500.87125pt>
File: FDM_ninePoint.png Graphic file (type png)
 <use FDM_ninePoint.png>
Package pdftex.def Info: FDM_ninePoint.png used on input line 82.
(pdftex.def)             Requested size: 309.70801pt x 275.48003pt.

[12 <./FDM_fivePoint.png>] <FEM_contour.png, id=71, 565.11125pt x 500.87125pt>
File: FEM_contour.png Graphic file (type png)

<use FEM_contour.png>
Package pdftex.def Info: FEM_contour.png used on input line 86.
(pdftex.def)             Requested size: 310.81215pt x 275.48003pt.
 [13 <./FDM_ninePoint.png>]
Underfull \hbox (badness 10000) in paragraph at lines 92--93

 []

<UnstructuredGrid.png, id=77, 563.10374pt x 501.875pt>
File: UnstructuredGrid.png Graphic file (type png)

<use UnstructuredGrid.png>
Package pdftex.def Info: UnstructuredGrid.png used on input line 94.
(pdftex.def)             Requested size: 309.70801pt x 276.03209pt.
 [14 <./FEM_contour.png>]
<FEM_unstructured_1.png, id=82, 565.11125pt x 500.87125pt>
File: FEM_unstructured_1.png Graphic file (type png)

<use FEM_unstructured_1.png>
Package pdftex.def Info: FEM_unstructured_1.png used on input line 98.
(pdftex.def)             Requested size: 310.81215pt x 275.48003pt.
 [15 <./UnstructuredGrid.png>]
Underfull \hbox (badness 10000) in paragraph at lines 102--103

 []

<FEM_unstructured_2.png, id=87, 563.10374pt x 499.8675pt>
File: FEM_unstructured_2.png Graphic file (type png)

<use FEM_unstructured_2.png>
Package pdftex.def Info: FEM_unstructured_2.png used on input line 104.
(pdftex.def)             Requested size: 309.70801pt x 274.92796pt.
 [16 <./FEM_unstructured_1.png>]
Underfull \hbox (badness 10000) in paragraph at lines 108--109

 []

<DelaunayAdjustGrid.png, id=92, 563.10374pt x 499.8675pt>
File: DelaunayAdjustGrid.png Graphic file (type png)

<use DelaunayAdjustGrid.png>
Package pdftex.def Info: DelaunayAdjustGrid.png used on input line 110.
(pdftex.def)             Requested size: 309.70801pt x 274.92796pt.
 [17 <./FEM_unstructured_2.png>]
<DelaunayAdjust.png, id=97, 564.1075pt x 493.845pt>
File: DelaunayAdjust.png Graphic file (type png)
 <use DelaunayAdjust.png>
Package pdftex.def Info: DelaunayAdjust.png used on input line 114.
(pdftex.def)             Requested size: 310.26007pt x 271.61559pt.

[18 <./DelaunayAdjustGrid.png>] [19 <./DelaunayAdjust.png>] (./Hwk8.aux) ) 
Here is how much of TeX's memory you used:
 2945 strings out of 493117
 40309 string characters out of 6135433
 103725 words of memory out of 5000000
 6356 multiletter control sequences out of 15000+600000
 10737 words of font info for 41 fonts, out of 8000000 for 9000
 1141 hyphenation exceptions out of 8191
 38i,6n,26p,684b,199s stack positions out of 5000i,500n,10000p,200000b,80000s
</usr
/local/texlive/2014/texmf-dist/fonts/type1/public/amsfonts/cm/cmbx12.pfb></usr/
local/texlive/2014/texmf-dist/fonts/type1/public/amsfonts/cm/cmmi10.pfb></usr/l
ocal/texlive/2014/texmf-dist/fonts/type1/public/amsfonts/cm/cmr10.pfb></usr/loc
al/texlive/2014/texmf-dist/fonts/type1/public/amsfonts/cm/cmr12.pfb></usr/local
/texlive/2014/texmf-dist/fonts/type1/public/amsfonts/cm/cmr17.pfb>
Output written on Hwk8.pdf (19 pages, 659776 bytes).
PDF statistics:
 125 PDF objects out of 1000 (max. 8388607)
 60 compressed objects within 1 object stream
 0 named destinations out of 1000 (max. 500000)
 96 words of extra memory for PDF output out of 10000 (max. 10000000)

